<?xml version="1.0" encoding="UTF-8"?>
<!-- Generated by org.testng.reporters.JUnitXMLReporter -->
<testsuite hostname="LAPTOP-FVHGTIBQ" ignored="0" name="Default test" tests="3" failures="0" timestamp="2022-12-14T22:42:33 IST" time="81.915" errors="0">
  <testcase name="VerifyTitleOfHomePage" time="5.804" classname="GG.HomePageTests.HomePage"/>
  <testcase name="courseList" time="0.306" classname="GG.HomePageTests.HomePage"/>
  <testcase name="verifyListOfOptionsonHomePage" time="3.116" classname="GG.HomePageTests.HomePage"/>
</testsuite> <!-- Default test -->
